<?xml version="1.0" encoding="UTF-8"?>
<testsuite name="test.java.AlgoTest" tests="27" skipped="0" failures="0" errors="0" timestamp="2018-10-22T04:02:39" hostname="Bijayalaxmis-MacBook-Pro.local" time="0.011">
  <properties/>
  <testcase name="testWithNullForMergeSort" classname="test.java.AlgoTest" time="0.003"/>
  <testcase name="testWithSortedArrayForBubbleSort" classname="test.java.AlgoTest" time="0.001"/>
  <testcase name="testWithMixedForHeapSort" classname="test.java.AlgoTest" time="0.0"/>
  <testcase name="testOneElementForSelectionSort" classname="test.java.AlgoTest" time="0.0"/>
  <testcase name="testWithSortedArrayForHeapSort" classname="test.java.AlgoTest" time="0.0"/>
  <testcase name="testWithNullForInserationSort" classname="test.java.AlgoTest" time="0.0"/>
  <testcase name="testWithMixedForSelectionSort" classname="test.java.AlgoTest" time="0.0"/>
  <testcase name="testWithNullForSelectionSort" classname="test.java.AlgoTest" time="0.001"/>
  <testcase name="testDescendingOrderForBubbleSort" classname="test.java.AlgoTest" time="0.0"/>
  <testcase name="testWithNullForHeapSort" classname="test.java.AlgoTest" time="0.0"/>
  <testcase name="testOneElementForHeapSort" classname="test.java.AlgoTest" time="0.0"/>
  <testcase name="testWithSortedArrayForInsertionSort" classname="test.java.AlgoTest" time="0.001"/>
  <testcase name="testDescendingOrderForInsertionSort" classname="test.java.AlgoTest" time="0.0"/>
  <testcase name="testOneElementForQuickSort" classname="test.java.AlgoTest" time="0.0"/>
  <testcase name="testWithNullBubbleSort" classname="test.java.AlgoTest" time="0.0"/>
  <testcase name="testWithMixedForBubbleSort" classname="test.java.AlgoTest" time="0.0"/>
  <testcase name="testOneElementForMergeSort" classname="test.java.AlgoTest" time="0.0"/>
  <testcase name="testWithSortedArrayForQuickSort" classname="test.java.AlgoTest" time="0.0"/>
  <testcase name="testWithMixedForQuickSort" classname="test.java.AlgoTest" time="0.0"/>
  <testcase name="testWithSortedArrayForSelectionSort" classname="test.java.AlgoTest" time="0.0"/>
  <testcase name="testOneElementForBubbleSort" classname="test.java.AlgoTest" time="0.0"/>
  <testcase name="testWithSortedArrayForMergeSort" classname="test.java.AlgoTest" time="0.0"/>
  <testcase name="testDescendingOrderForSelectionSort" classname="test.java.AlgoTest" time="0.0"/>
  <testcase name="testOneElementForInsertionSort" classname="test.java.AlgoTest" time="0.0"/>
  <testcase name="testWithMixedForMergeSort" classname="test.java.AlgoTest" time="0.0"/>
  <testcase name="testWithNullForQuickSort" classname="test.java.AlgoTest" time="0.0"/>
  <testcase name="testWithMixedForInsertionSort" classname="test.java.AlgoTest" time="0.0"/>
  <system-out><![CDATA[]]></system-out>
  <system-err><![CDATA[]]></system-err>
</testsuite>
